C:\Program Files\Microsoft Visual Studio\2022\Community\MSBuild\Microsoft\VC\v170\Microsoft.CppBuild.targets(534,5): warning MSB8028: The intermediate directory (x64\Debug\) contains files shared from another project (Project1.vcxproj).  This can lead to incorrect clean and rebuild behavior.
  Source.cpp
C:\Users\Marwan\Desktop\Project1\Project1\include\Collision.hpp(69,28): warning C4244: 'initializing': conversion from 'T' to 'int', possible loss of data
          with
          [
              T=float
          ]
C:\Users\Marwan\Desktop\Project1\Project1\include\Collision.hpp(70,32): warning C4244: 'initializing': conversion from 'T' to 'int', possible loss of data
          with
          [
              T=float
          ]
C:\Users\Marwan\Desktop\Project1\Project1\include\Collision.hpp(72,92): warning C4244: 'argument': conversion from 'int' to 'float', possible loss of data
C:\Users\Marwan\Desktop\Project1\Project1\include\Collision.hpp(72,89): warning C4244: 'argument': conversion from 'int' to 'float', possible loss of data
C:\Users\Marwan\Desktop\Project1\Project1\include\Collision.hpp(73,92): warning C4244: 'argument': conversion from 'int' to 'float', possible loss of data
C:\Users\Marwan\Desktop\Project1\Project1\include\Collision.hpp(73,89): warning C4244: 'argument': conversion from 'int' to 'float', possible loss of data
C:\Users\Marwan\Desktop\Project1\Project1\include\Collision.hpp(135,55): warning C4244: 'argument': conversion from 'T' to 'float', possible loss of data
          with
          [
              T=int
          ]
C:\Users\Marwan\Desktop\Project1\Project1\include\Collision.hpp(136,68): warning C4244: 'argument': conversion from 'T' to 'float', possible loss of data
          with
          [
              T=int
          ]
C:\Users\Marwan\Desktop\Project1\Project1\include\Collision.hpp(136,55): warning C4244: 'argument': conversion from 'T' to 'float', possible loss of data
          with
          [
              T=int
          ]
C:\Users\Marwan\Desktop\Project1\Project1\include\Collision.hpp(137,60): warning C4244: 'argument': conversion from 'T' to 'float', possible loss of data
          with
          [
              T=int
          ]
C:\Users\Marwan\Desktop\Project1\Project1\Project1\Source.cpp(71,25): warning C4305: 'argument': truncation from 'double' to 'float'
C:\Users\Marwan\Desktop\Project1\Project1\Project1\Source.cpp(72,24): warning C4305: 'argument': truncation from 'double' to 'float'
  Project1.vcxproj -> C:\Users\Marwan\Desktop\Project1\Project1\x64\Debug\SpaceY.exe
